
**** 12/13/21 20:04:06 *********** Evaluation PSpice (Nov 1999) **************

 ** Profile: "SCHEMATIC1-Bode1"  [ C:\Users\user\OneDrive\Desktop\Liron\Studies\PSPICE\PspiceAmplifierProject\PSPICE\amplifier-SCHEMA


 ****     CIRCUIT DESCRIPTION


******************************************************************************




** Creating circuit file "amplifier-SCHEMATIC1-Bode1.sim.cir" 
** WARNING: THIS AUTOMATICALLY GENERATED FILE MAY BE OVERWRITTEN BY SUBSEQUENT SIMULATIONS

*Libraries: 
* Local Libraries :
* From [PSPICE NETLIST] section of pspiceev.ini file:
.lib "nom.lib" 

*Analysis directives: 
.AC DEC 100 0 1000
------------$
ERROR -- Invalid value
.PROBE 
.INC "amplifier-SCHEMATIC1.net" 


**** INCLUDING amplifier-SCHEMATIC1.net ****
* source AMPLIFIER
V_V2         N00286 0 5Vdc
R_R1         N00169 N00198  1k  
R_R2         N00177 N00286  1k  
R_R3         N00292 N00286  1k  
R_R4         0 N00363  1k  
R_R5         0 N00343  1k  
R_R6         0 N00177  1k  
C_C1         N00198 N00177  1n  
V_V3         N00169 0  
+SIN 0 5 20 0 0 0
C_C2         0 N00343  1n  
C_C3         N00292 N00363  1n  
Q_Q1         N00292 N00177 N00343 QbreakN 

**** RESUMING amplifier-SCHEMATIC1-Bode1.sim.cir ****
.INC "amplifier-SCHEMATIC1.als"



**** INCLUDING amplifier-SCHEMATIC1.als ****
.ALIASES
V_V2            V2(+=N00286 -=0 )
R_R1            R1(1=N00169 2=N00198 )
R_R2            R2(1=N00177 2=N00286 )
R_R3            R3(1=N00292 2=N00286 )
R_R4            R4(1=0 2=N00363 )
R_R5            R5(1=0 2=N00343 )
R_R6            R6(1=0 2=N00177 )
C_C1            C1(1=N00198 2=N00177 )
V_V3            V3(+=N00169 -=0 )
C_C2            C2(1=0 2=N00343 )
C_C3            C3(1=N00292 2=N00363 )
Q_Q1            Q1(c=N00292 b=N00177 e=N00343 )
.ENDALIASES

**** RESUMING amplifier-SCHEMATIC1-Bode1.sim.cir ****
.END
